<?xml version="1.0" encoding="UTF-8" ?>
<testsuite errors="1" failures="0" hostname="DeathStar" name="de.soderer.utilities.json.JsonSchemaSuiteGitHubTest" skipped="0" tests="1" time="0.867" timestamp="2024-01-02T14:58:25">
  <properties>
[...]
</properties>
  <testcase classname="de.soderer.utilities.json.JsonSchemaSuiteGitHubTest" name="testGitHubTestSuite" time="0.867">
    <error message="Not a valid JSON schema in test &apos;items with boolean schemas&apos;: Invalid JSON schema definition: Items data item is not an &apos;object&apos; at JSON schema path: $.items" type="java.lang.Exception">java.lang.Exception: Not a valid JSON schema in test &apos;items with boolean schemas&apos;: Invalid JSON schema definition: Items data item is not an &apos;object&apos; at JSON schema path: $.items
	at de.soderer.utilities.json.JsonSchemaSuiteGitHubTest.executeJsonSchemaTestCollection(JsonSchemaSuiteGitHubTest.java:170)
	at de.soderer.utilities.json.JsonSchemaSuiteGitHubTest.testGitHubTestSuite(JsonSchemaSuiteGitHubTest.java:90)
	at java.base/jdk.internal.reflect.NativeMethodAccessorImpl.invoke0(Native Method)
	at java.base/jdk.internal.reflect.NativeMethodAccessorImpl.invoke(NativeMethodAccessorImpl.java:77)
	at java.base/jdk.internal.reflect.DelegatingMethodAccessorImpl.invoke(DelegatingMethodAccessorImpl.java:43)
	at jdk.internal.reflect.GeneratedMethodAccessor4.invoke(Unknown Source)
	at java.base/jdk.internal.reflect.DelegatingMethodAccessorImpl.invoke(DelegatingMethodAccessorImpl.java:43)
	at org.eclipse.ant.internal.launching.remote.EclipseDefaultExecutor.executeTargets(EclipseDefaultExecutor.java:34)
	at org.eclipse.ant.internal.launching.remote.InternalAntRunner.run(InternalAntRunner.java:464)
	at org.eclipse.ant.internal.launching.remote.InternalAntRunner.main(InternalAntRunner.java:143)
Caused by: de.soderer.utilities.json.schema.JsonSchemaDefinitionError: Invalid JSON schema definition: Items data item is not an &apos;object&apos; at JSON schema path: $.items
	at de.soderer.utilities.json.schema.validator.ItemsValidator.&lt;init&gt;(ItemsValidator.java:50)
	at de.soderer.utilities.json.schema.JsonSchema.createValidators(JsonSchema.java:324)
	at de.soderer.utilities.json.schema.JsonSchema.&lt;init&gt;(JsonSchema.java:130)
	at de.soderer.utilities.json.JsonSchemaSuiteGitHubTest.executeJsonSchemaTestCollection(JsonSchemaSuiteGitHubTest.java:160)
</error>
  </testcase>
  <system-out><![CDATA[JSON-Schema-Test-Suite-23.1.0/tests/draft7/items.json
items with boolean schemas
{
	"items":
		[
			true,
			false
		]
}
]]></system-out>
  <system-err><![CDATA[de.soderer.utilities.json.schema.JsonSchemaDefinitionError: Invalid JSON schema definition: Items data item is not an 'object' at JSON schema path: $.items
	at de.soderer.utilities.json.schema.validator.ItemsValidator.<init>(ItemsValidator.java:50)
	at de.soderer.utilities.json.schema.JsonSchema.createValidators(JsonSchema.java:324)
	at de.soderer.utilities.json.schema.JsonSchema.<init>(JsonSchema.java:130)
	at de.soderer.utilities.json.JsonSchemaSuiteGitHubTest.executeJsonSchemaTestCollection(JsonSchemaSuiteGitHubTest.java:160)
	at de.soderer.utilities.json.JsonSchemaSuiteGitHubTest.testGitHubTestSuite(JsonSchemaSuiteGitHubTest.java:90)
	at java.base/jdk.internal.reflect.NativeMethodAccessorImpl.invoke0(Native Method)
	at java.base/jdk.internal.reflect.NativeMethodAccessorImpl.invoke(NativeMethodAccessorImpl.java:77)
	at java.base/jdk.internal.reflect.DelegatingMethodAccessorImpl.invoke(DelegatingMethodAccessorImpl.java:43)
	at java.base/java.lang.reflect.Method.invoke(Method.java:568)
	at org.junit.runners.model.FrameworkMethod$1.runReflectiveCall(FrameworkMethod.java:59)
	at org.junit.internal.runners.model.ReflectiveCallable.run(ReflectiveCallable.java:12)
	at org.junit.runners.model.FrameworkMethod.invokeExplosively(FrameworkMethod.java:56)
	at org.junit.internal.runners.statements.InvokeMethod.evaluate(InvokeMethod.java:17)
	at org.junit.runners.ParentRunner$3.evaluate(ParentRunner.java:306)
	at org.junit.runners.BlockJUnit4ClassRunner$1.evaluate(BlockJUnit4ClassRunner.java:100)
	at org.junit.runners.ParentRunner.runLeaf(ParentRunner.java:366)
	at org.junit.runners.BlockJUnit4ClassRunner.runChild(BlockJUnit4ClassRunner.java:103)
	at org.junit.runners.BlockJUnit4ClassRunner.runChild(BlockJUnit4ClassRunner.java:63)
	at org.junit.runners.ParentRunner$4.run(ParentRunner.java:331)
	at org.junit.runners.ParentRunner$1.schedule(ParentRunner.java:79)
	at org.junit.runners.ParentRunner.runChildren(ParentRunner.java:329)
	at org.junit.runners.ParentRunner.access$100(ParentRunner.java:66)
	at org.junit.runners.ParentRunner$2.evaluate(ParentRunner.java:293)
	at org.junit.runners.ParentRunner$3.evaluate(ParentRunner.java:306)
	at org.junit.runners.ParentRunner.run(ParentRunner.java:413)
	at junit.framework.JUnit4TestAdapter.run(JUnit4TestAdapter.java:50)
	at org.apache.tools.ant.taskdefs.optional.junit.JUnitTestRunner.run(JUnitTestRunner.java:535)
	at org.apache.tools.ant.taskdefs.optional.junit.JUnitTask.executeInVM(JUnitTask.java:1618)
	at org.apache.tools.ant.taskdefs.optional.junit.JUnitTask.execute(JUnitTask.java:1040)
	at org.apache.tools.ant.taskdefs.optional.junit.JUnitTask.executeOrQueue(JUnitTask.java:2163)
	at org.apache.tools.ant.taskdefs.optional.junit.JUnitTask.execute(JUnitTask.java:854)
	at org.apache.tools.ant.UnknownElement.execute(UnknownElement.java:299)
	at jdk.internal.reflect.GeneratedMethodAccessor4.invoke(Unknown Source)
	at java.base/jdk.internal.reflect.DelegatingMethodAccessorImpl.invoke(DelegatingMethodAccessorImpl.java:43)
	at java.base/java.lang.reflect.Method.invoke(Method.java:568)
	at org.apache.tools.ant.dispatch.DispatchUtils.execute(DispatchUtils.java:99)
	at org.apache.tools.ant.Task.perform(Task.java:350)
	at org.apache.tools.ant.Target.execute(Target.java:449)
	at org.apache.tools.ant.Target.performTasks(Target.java:470)
	at org.apache.tools.ant.Project.executeSortedTargets(Project.java:1401)
	at org.apache.tools.ant.Project.executeTarget(Project.java:1374)
	at org.apache.tools.ant.helper.DefaultExecutor.executeTargets(DefaultExecutor.java:41)
	at org.eclipse.ant.internal.launching.remote.EclipseDefaultExecutor.executeTargets(EclipseDefaultExecutor.java:34)
	at org.apache.tools.ant.Project.executeTargets(Project.java:1264)
	at org.eclipse.ant.internal.launching.remote.InternalAntRunner.run(InternalAntRunner.java:464)
	at org.eclipse.ant.internal.launching.remote.InternalAntRunner.main(InternalAntRunner.java:143)
]]></system-err>
</testsuite>
